<?xml version="1.0" encoding="UTF-8"?>
<testsuite xmlns:xsi="http://www.w3.org/2001/XMLSchema-instance" xsi:noNamespaceSchemaLocation="https://maven.apache.org/surefire/maven-surefire-plugin/xsd/surefire-test-report.xsd" version="3.0.2" name="com.mina.microservices.api_gateway.ApiGatewayApplicationTests" time="2.551" tests="1" errors="0" skipped="0" failures="0">
  <properties>
[...]
</properties>
  <testcase name="contextLoads" classname="com.mina.microservices.api_gateway.ApiGatewayApplicationTests" time="0.463">
    <system-out><![CDATA[09:53:05.866 [main] INFO org.springframework.test.context.support.AnnotationConfigContextLoaderUtils -- Could not detect default configuration classes for test class [com.mina.microservices.api_gateway.ApiGatewayApplicationTests]: ApiGatewayApplicationTests does not declare any static, non-private, non-final, nested classes annotated with @Configuration.
09:53:05.918 [main] INFO org.springframework.boot.test.context.SpringBootTestContextBootstrapper -- Found @SpringBootConfiguration com.mina.microservices.api_gateway.ApiGatewayApplication for test class com.mina.microservices.api_gateway.ApiGatewayApplicationTests
09:53:06.101 [main] INFO org.springframework.boot.devtools.restart.RestartApplicationListener -- Restart disabled due to context in which it is running

  .   ____          _            __ _ _
 /\\ / ___'_ __ _ _(_)_ __  __ _ \ \ \ \
( ( )\___ | '_ | '_| | '_ \/ _` | \ \ \ \
 \\/  ___)| |_)| | | | | || (_| |  ) ) ) )
  '  |____| .__|_| |_|_| |_\__, | / / / /
 =========|_|==============|___/=/_/_/_/

 :: Spring Boot ::                (v3.5.4)

2025-08-19T09:53:06.244+03:00  INFO [api-gateway,,] 3885 --- [api-gateway] [           main] [                                                 ] c.m.m.a.ApiGatewayApplicationTests       : Starting ApiGatewayApplicationTests using Java 20.0.2 with PID 3885 (started by minasamir in /Users/minasamir/Downloads/Learning/MasterMicroServices/api-gateway)
2025-08-19T09:53:06.245+03:00  INFO [api-gateway,,] 3885 --- [api-gateway] [           main] [                                                 ] c.m.m.a.ApiGatewayApplicationTests       : No active profile set, falling back to 1 default profile: "default"
2025-08-19T09:53:06.906+03:00  INFO [api-gateway,,] 3885 --- [api-gateway] [           main] [                                                 ] o.s.cloud.context.scope.GenericScope     : BeanFactory id=1bb313eb-7a66-3b37-bc8b-66d6b7db3d85
2025-08-19T09:53:07.313+03:00  INFO [api-gateway,,] 3885 --- [api-gateway] [           main] [                                                 ] o.s.c.g.r.RouteDefinitionRouteLocator    : Loaded RoutePredicateFactory [After]
2025-08-19T09:53:07.313+03:00  INFO [api-gateway,,] 3885 --- [api-gateway] [           main] [                                                 ] o.s.c.g.r.RouteDefinitionRouteLocator    : Loaded RoutePredicateFactory [Before]
2025-08-19T09:53:07.313+03:00  INFO [api-gateway,,] 3885 --- [api-gateway] [           main] [                                                 ] o.s.c.g.r.RouteDefinitionRouteLocator    : Loaded RoutePredicateFactory [Between]
2025-08-19T09:53:07.314+03:00  INFO [api-gateway,,] 3885 --- [api-gateway] [           main] [                                                 ] o.s.c.g.r.RouteDefinitionRouteLocator    : Loaded RoutePredicateFactory [Cookie]
2025-08-19T09:53:07.314+03:00  INFO [api-gateway,,] 3885 --- [api-gateway] [           main] [                                                 ] o.s.c.g.r.RouteDefinitionRouteLocator    : Loaded RoutePredicateFactory [Header]
2025-08-19T09:53:07.314+03:00  INFO [api-gateway,,] 3885 --- [api-gateway] [           main] [                                                 ] o.s.c.g.r.RouteDefinitionRouteLocator    : Loaded RoutePredicateFactory [Host]
2025-08-19T09:53:07.314+03:00  INFO [api-gateway,,] 3885 --- [api-gateway] [           main] [                                                 ] o.s.c.g.r.RouteDefinitionRouteLocator    : Loaded RoutePredicateFactory [Method]
2025-08-19T09:53:07.314+03:00  INFO [api-gateway,,] 3885 --- [api-gateway] [           main] [                                                 ] o.s.c.g.r.RouteDefinitionRouteLocator    : Loaded RoutePredicateFactory [Path]
2025-08-19T09:53:07.314+03:00  INFO [api-gateway,,] 3885 --- [api-gateway] [           main] [                                                 ] o.s.c.g.r.RouteDefinitionRouteLocator    : Loaded RoutePredicateFactory [Query]
2025-08-19T09:53:07.314+03:00  INFO [api-gateway,,] 3885 --- [api-gateway] [           main] [                                                 ] o.s.c.g.r.RouteDefinitionRouteLocator    : Loaded RoutePredicateFactory [ReadBody]
2025-08-19T09:53:07.314+03:00  INFO [api-gateway,,] 3885 --- [api-gateway] [           main] [                                                 ] o.s.c.g.r.RouteDefinitionRouteLocator    : Loaded RoutePredicateFactory [RemoteAddr]
2025-08-19T09:53:07.314+03:00  INFO [api-gateway,,] 3885 --- [api-gateway] [           main] [                                                 ] o.s.c.g.r.RouteDefinitionRouteLocator    : Loaded RoutePredicateFactory [XForwardedRemoteAddr]
2025-08-19T09:53:07.314+03:00  INFO [api-gateway,,] 3885 --- [api-gateway] [           main] [                                                 ] o.s.c.g.r.RouteDefinitionRouteLocator    : Loaded RoutePredicateFactory [Weight]
2025-08-19T09:53:07.314+03:00  INFO [api-gateway,,] 3885 --- [api-gateway] [           main] [                                                 ] o.s.c.g.r.RouteDefinitionRouteLocator    : Loaded RoutePredicateFactory [CloudFoundryRouteService]
2025-08-19T09:53:07.435+03:00  INFO [api-gateway,,] 3885 --- [api-gateway] [           main] [                                                 ] o.s.b.a.e.web.EndpointLinksResolver      : Exposing 1 endpoint beneath base path '/actuator'
2025-08-19T09:53:07.638+03:00  INFO [api-gateway,,] 3885 --- [api-gateway] [           main] [                                                 ] DiscoveryClientOptionalArgsConfiguration : Eureka HTTP Client uses RestTemplate.
2025-08-19T09:53:07.653+03:00  WARN [api-gateway,,] 3885 --- [api-gateway] [           main] [                                                 ] iguration$LoadBalancerCaffeineWarnLogger : Spring Cloud LoadBalancer is currently working with the default cache. While this cache implementation is useful for development and tests, it's recommended to use Caffeine cache in production.You can switch to using Caffeine cache, by adding it and org.springframework.cache.caffeine.CaffeineCacheManager to the classpath.
2025-08-19T09:53:07.677+03:00  INFO [api-gateway,,] 3885 --- [api-gateway] [           main] [                                                 ] o.s.c.n.eureka.InstanceInfoFactory       : Setting initial instance status as: STARTING
2025-08-19T09:53:07.688+03:00  INFO [api-gateway,,] 3885 --- [api-gateway] [           main] [                                                 ] com.netflix.discovery.DiscoveryClient    : Initializing Eureka in region us-east-1
2025-08-19T09:53:07.690+03:00  INFO [api-gateway,,] 3885 --- [api-gateway] [           main] [                                                 ] c.n.d.s.r.aws.ConfigClusterResolver      : Resolving eureka endpoints via configuration
2025-08-19T09:53:07.694+03:00  INFO [api-gateway,,] 3885 --- [api-gateway] [           main] [                                                 ] com.netflix.discovery.DiscoveryClient    : Disable delta property : false
2025-08-19T09:53:07.694+03:00  INFO [api-gateway,,] 3885 --- [api-gateway] [           main] [                                                 ] com.netflix.discovery.DiscoveryClient    : Single vip registry refresh property : null
2025-08-19T09:53:07.694+03:00  INFO [api-gateway,,] 3885 --- [api-gateway] [           main] [                                                 ] com.netflix.discovery.DiscoveryClient    : Force full registry fetch : false
2025-08-19T09:53:07.694+03:00  INFO [api-gateway,,] 3885 --- [api-gateway] [           main] [                                                 ] com.netflix.discovery.DiscoveryClient    : Application is null : false
2025-08-19T09:53:07.694+03:00  INFO [api-gateway,,] 3885 --- [api-gateway] [           main] [                                                 ] com.netflix.discovery.DiscoveryClient    : Registered Applications size is zero : true
2025-08-19T09:53:07.694+03:00  INFO [api-gateway,,] 3885 --- [api-gateway] [           main] [                                                 ] com.netflix.discovery.DiscoveryClient    : Application version is -1: true
2025-08-19T09:53:07.695+03:00  INFO [api-gateway,,] 3885 --- [api-gateway] [           main] [                                                 ] com.netflix.discovery.DiscoveryClient    : Getting all instance registry info from the eureka server
2025-08-19T09:53:07.836+03:00  INFO [api-gateway,,] 3885 --- [api-gateway] [           main] [                                                 ] com.netflix.discovery.DiscoveryClient    : The response status is 200
2025-08-19T09:53:07.838+03:00  INFO [api-gateway,,] 3885 --- [api-gateway] [           main] [                                                 ] com.netflix.discovery.DiscoveryClient    : Starting heartbeat executor: renew interval is: 30
2025-08-19T09:53:07.838+03:00  INFO [api-gateway,,] 3885 --- [api-gateway] [           main] [                                                 ] c.n.discovery.InstanceInfoReplicator     : InstanceInfoReplicator onDemand update allowed rate per min is 4
2025-08-19T09:53:07.839+03:00  INFO [api-gateway,,] 3885 --- [api-gateway] [           main] [                                                 ] com.netflix.discovery.DiscoveryClient    : Discovery Client initialized at timestamp 1755586387839 with initial instances count: 3
2025-08-19T09:53:07.841+03:00  INFO [api-gateway,,] 3885 --- [api-gateway] [           main] [                                                 ] o.s.c.n.e.s.EurekaServiceRegistry        : Registering application API-GATEWAY with eureka with status UP
2025-08-19T09:53:07.841+03:00  INFO [api-gateway,,] 3885 --- [api-gateway] [           main] [                                                 ] com.netflix.discovery.DiscoveryClient    : Saw local status change event StatusChangeEvent [timestamp=1755586387841, current=UP, previous=STARTING]
2025-08-19T09:53:07.842+03:00  INFO [api-gateway,,] 3885 --- [api-gateway] [foReplicator-%d] [                                                 ] com.netflix.discovery.DiscoveryClient    : DiscoveryClient_API-GATEWAY/192.168.100.246:api-gateway:8765: registering service...
2025-08-19T09:53:07.861+03:00  INFO [api-gateway,,] 3885 --- [api-gateway] [foReplicator-%d] [                                                 ] com.netflix.discovery.DiscoveryClient    : DiscoveryClient_API-GATEWAY/192.168.100.246:api-gateway:8765 - registration status: 204
2025-08-19T09:53:07.879+03:00  INFO [api-gateway,,] 3885 --- [api-gateway] [           main] [                                                 ] c.m.m.a.ApiGatewayApplicationTests       : Started ApiGatewayApplicationTests in 1.785 seconds (process running for 2.338)
]]></system-out>
  </testcase>
</testsuite>